c:\develop\gpp\gpp_exam (1)\gpp_exam\zombiegame\project\_temp\debug\gpp_plugin_d.pch
c:\develop\gpp\gpp_exam (1)\gpp_exam\zombiegame\project\_temp\debug\vc143.pdb
c:\develop\gpp\gpp_exam (1)\gpp_exam\zombiegame\project\_temp\debug\vc143.idb
c:\develop\gpp\gpp_exam (1)\gpp_exam\zombiegame\project\_temp\debug\stdafx.obj
c:\develop\gpp\gpp_exam (1)\gpp_exam\zombiegame\project\_temp\debug\steeringbehaviors.obj
c:\develop\gpp\gpp_exam (1)\gpp_exam\zombiegame\project\_temp\debug\ebehaviortree.obj
c:\develop\gpp\gpp_exam (1)\gpp_exam\zombiegame\project\_temp\debug\utils.obj
c:\develop\gpp\gpp_exam (1)\gpp_exam\zombiegame\project\_temp\debug\plugin.obj
c:\develop\gpp\gpp_exam (1)\gpp_exam\zombiegame\_demo_debug\gpp_plugin_d.lib
c:\develop\gpp\gpp_exam (1)\gpp_exam\zombiegame\_demo_debug\gpp_plugin_d.exp
c:\develop\gpp\gpp_exam (1)\gpp_exam\zombiegame\_demo_debug\gpp_plugin_d.dll
c:\develop\gpp\gpp_exam (1)\gpp_exam\zombiegame\project\_temp\debug\gpp_plugin_d.ilk
c:\develop\gpp\gpp_exam (1)\gpp_exam\zombiegame\_demo_debug\gpp_plugin_d.pdb
c:\develop\gpp\gpp_exam (1)\gpp_exam\zombiegame\project\..\_demo_debug\gpp_plugin_d.pdb
c:\develop\gpp\gpp_exam (1)\gpp_exam\zombiegame\project\_temp\debug\gpp_exam.tlog\cl.command.1.tlog
c:\develop\gpp\gpp_exam (1)\gpp_exam\zombiegame\project\_temp\debug\gpp_exam.tlog\cl.read.1.tlog
c:\develop\gpp\gpp_exam (1)\gpp_exam\zombiegame\project\_temp\debug\gpp_exam.tlog\cl.write.1.tlog
c:\develop\gpp\gpp_exam (1)\gpp_exam\zombiegame\project\_temp\debug\gpp_exam.tlog\gpp_exam.write.1u.tlog
c:\develop\gpp\gpp_exam (1)\gpp_exam\zombiegame\project\_temp\debug\gpp_exam.tlog\link.command.1.tlog
c:\develop\gpp\gpp_exam (1)\gpp_exam\zombiegame\project\_temp\debug\gpp_exam.tlog\link.read.1.tlog
c:\develop\gpp\gpp_exam (1)\gpp_exam\zombiegame\project\_temp\debug\gpp_exam.tlog\link.write.1.tlog
